\BOOKMARK [1][-]{section.1}{\376\377\000T\000h\000i\000s\000\040\000d\000o\000c\000u\000m\000e\000n\000t}{}% 1
\BOOKMARK [1][-]{section.2}{\376\377\000F\000u\000n\000d\000a\000m\000e\000n\000t\000a\000l\000s}{}% 2
\BOOKMARK [2][-]{subsection.2.1}{\376\377\000S\000t\000a\000r\000t\000u\000p}{section.2}% 3
\BOOKMARK [2][-]{subsection.2.2}{\376\377\000S\000h\000u\000t\000d\000o\000w\000n}{section.2}% 4
\BOOKMARK [2][-]{subsection.2.3}{\376\377\000L\000o\000g\000g\000i\000n\000g\000\040\000i\000n}{section.2}% 5
\BOOKMARK [2][-]{subsection.2.4}{\376\377\000M\000o\000v\000i\000n\000g\000\040\000t\000h\000e\000\040\000R\000o\000b\000o\000t}{section.2}% 6
\BOOKMARK [2][-]{subsection.2.5}{\376\377\000U\000I\000\040\000P\000r\000o\000g\000r\000a\000m\000m\000i\000n\000g}{section.2}% 7
\BOOKMARK [2][-]{subsection.2.6}{\376\377\000U\000s\000e\000r\000\040\000I\000/\000O}{section.2}% 8
\BOOKMARK [1][-]{section.3}{\376\377\000A\000d\000v\000a\000n\000c\000e\000d\000\040\000U\000s\000e}{}% 9
\BOOKMARK [2][-]{subsection.3.1}{\376\377\000P\000r\000o\000g\000r\000a\000m\000m\000i\000n\000g\000\040\000i\000n\000\040\000L\000u\000a}{section.3}% 10
\BOOKMARK [2][-]{subsection.3.2}{\376\377\000U\000s\000e\000r\000\040\000C\000o\000o\000r\000d\000i\000n\000a\000t\000e\000\040\000S\000y\000s\000t\000e\000m\000s}{section.3}% 11
\BOOKMARK [2][-]{subsection.3.3}{\376\377\000S\000e\000c\000u\000r\000i\000t\000y\000\040\000F\000e\000a\000t\000u\000r\000e\000s}{section.3}% 12
\BOOKMARK [3][-]{subsubsection.3.3.1}{\376\377\000E\000m\000e\000r\000g\000e\000n\000c\000y\000\040\000s\000t\000o\000p}{subsection.3.3}% 13
\BOOKMARK [2][-]{subsection.3.4}{\376\377\000M\000o\000d\000b\000u\000s\000\040\000C\000o\000m\000m\000u\000n\000i\000c\000a\000t\000i\000o\000n}{section.3}% 14
\BOOKMARK [2][-]{subsection.3.5}{\376\377\000L\000i\000n\000k\000a\000g\000e\000\040\000M\000o\000d\000e}{section.3}% 15
\BOOKMARK [2][-]{subsection.3.6}{\376\377\000T\000o\000o\000l\000\040\000I\000/\000O}{section.3}% 16
\BOOKMARK [2][-]{subsection.3.7}{\376\377\000S\000h\000a\000r\000i\000n\000g\000\040\000I\000n\000t\000e\000r\000n\000e\000t}{section.3}% 17
\BOOKMARK [2][-]{subsection.3.8}{\376\377\000R\000e\000m\000o\000t\000e\000\040\000A\000c\000c\000e\000s\000s}{section.3}% 18
\BOOKMARK [2][-]{subsection.3.9}{\376\377\000U\000p\000d\000a\000t\000i\000n\000g}{section.3}% 19
\BOOKMARK [2][-]{subsection.3.10}{\376\377\000V\000i\000r\000t\000u\000a\000l\000\040\000m\000a\000c\000h\000i\000n\000e}{section.3}% 20
\BOOKMARK [2][-]{subsection.3.11}{\376\377\000P\000l\000u\000g\000i\000n\000\040\000D\000e\000s\000i\000g\000n}{section.3}% 21
\BOOKMARK [2][-]{subsection.3.12}{\376\377\000P\000a\000l\000l\000e\000t\000i\000z\000i\000n\000g\000\040\000S\000o\000f\000t\000w\000a\000r\000e}{section.3}% 22
\BOOKMARK [2][-]{subsection.3.13}{\376\377\000o\000p\000e\000n\000i\000n\000g\000\040\000s\000y\000s\000t\000e\000m\000\040\000s\000e\000t\000t\000i\000n\000g\000s}{section.3}% 23
\BOOKMARK [2][-]{subsection.3.14}{\376\377\000C\000h\000a\000n\000g\000i\000n\000g\000\040\000K\000e\000y\000b\000o\000a\000r\000d\000\040\000L\000a\000y\000o\000u\000t}{section.3}% 24
\BOOKMARK [2][-]{subsection.3.15}{\376\377\000S\000e\000t\000\040\000s\000t\000a\000t\000i\000c\000\040\000I\000P}{section.3}% 25
\BOOKMARK [3][-]{subsubsection.3.15.1}{\376\377\000U\000s\000i\000n\000g\000\040\000S\000y\000s\000t\000e\000m\000\040\000S\000e\000t\000t\000i\000n\000g\000s}{subsection.3.15}% 26
\BOOKMARK [3][-]{subsubsection.3.15.2}{\376\377\000U\000s\000i\000n\000g\000\040\000i\000n\000t\000e\000r\000f\000a\000c\000e\000s\000\040\000f\000i\000l\000e}{subsection.3.15}% 27
\BOOKMARK [2][-]{subsection.3.16}{\376\377\000u\000p\000d\000a\000t\000e}{section.3}% 28
\BOOKMARK [3][-]{subsubsection.3.16.1}{\376\377\000U\000p\000d\000a\000t\000e\000\040\000v\000i\000a\000\040\000U\000S\000B}{subsection.3.16}% 29
\BOOKMARK [2][-]{subsection.3.17}{\376\377\000U\000s\000i\000n\000g\000\040\000B\000a\000c\000k\000u\000p\000s}{section.3}% 30
\BOOKMARK [3][-]{subsubsection.3.17.1}{\376\377\000C\000r\000e\000a\000t\000i\000n\000g\000\040\000a\000\040\000B\000a\000c\000k\000u\000p}{subsection.3.17}% 31
\BOOKMARK [3][-]{subsubsection.3.17.2}{\376\377\000U\000s\000i\000n\000g\000\040\000a\000\040\000B\000a\000c\000k\000u\000p}{subsection.3.17}% 32
